<?xml version="1.0" encoding="UTF-8"?>
<!-- Generated by org.testng.reporters.JUnitReportReporter -->
<testsuite hostname="Dinhs-MacBook-Pro.local" failures="0" tests="1" name="dinhthe.testcases.LoginTest" time="19.415" errors="0" timestamp="2024-04-28T10:36:30 ICT" skipped="0">
  <testcase classname="dinhthe.testcases.LoginTest" name="testLoginSuccess" time="19.415"/>
  <system-out/>
</testsuite> <!-- dinhthe.testcases.LoginTest -->
